<?xml version="1.0" encoding="UTF-8"?>
<!-- Generated by org.testng.reporters.JUnitReportReporter -->
<testsuite hostname="LAPTOP-13JNABUU" failures="0" tests="2" name="com.practise.selenium.v1.exampleAnnotation1" time="0.107" errors="0" timestamp="2024-02-08T01:38:12 IST" skipped="0">
  <testcase classname="com.practise.selenium.v1.exampleAnnotation1" name="test5" time="0.007"/>
  <testcase classname="com.practise.selenium.v1.exampleAnnotation1" name="test21" time="0.100"/>
</testsuite> <!-- com.practise.selenium.v1.exampleAnnotation1 -->
