<?xml version="1.0" encoding="UTF-8"?>
<!-- Generated by org.testng.reporters.JUnitReportReporter -->
<testsuite hostname="LAPTOP-13JNABUU" failures="0" tests="1" name="com.practise.selenium.v1.getAllLink" time="8.698" errors="0" timestamp="2024-01-07T02:27:09 IST" skipped="0">
  <testcase classname="com.practise.selenium.v1.getAllLink" name="f" time="8.698"/>
</testsuite> <!-- com.practise.selenium.v1.getAllLink -->
