<?xml version="1.0" encoding="UTF-8"?>
<!-- Generated by org.testng.reporters.JUnitReportReporter -->
<testsuite hostname="LAPTOP-13JNABUU" failures="0" tests="3" name="com.practise.selenium.v1.examplePriority" time="0.013" errors="0" timestamp="2024-01-17T03:39:42 IST" skipped="0">
  <testcase classname="com.practise.selenium.v1.examplePriority" name="Test" time="0.011"/>
  <testcase classname="com.practise.selenium.v1.examplePriority" name="Test2" time="0.001"/>
  <testcase classname="com.practise.selenium.v1.examplePriority" name="Test1" time="0.001"/>
</testsuite> <!-- com.practise.selenium.v1.examplePriority -->
