<?xml version="1.0" encoding="UTF-8"?>
<!-- Generated by org.testng.reporters.JUnitReportReporter -->
<testsuite hostname="LAPTOP-13JNABUU" failures="0" tests="1" name="com.practise.selenium.v1.exampleParameter" time="0.015" errors="0" timestamp="2024-02-20T23:36:05 IST" skipped="0">
  <testcase classname="com.practise.selenium.v1.exampleParameter" name="test" time="0.015"/>
</testsuite> <!-- com.practise.selenium.v1.exampleParameter -->
