<?xml version="1.0" encoding="UTF-8"?>
<!-- Generated by org.testng.reporters.JUnitReportReporter -->
<testsuite hostname="LAPTOP-13JNABUU" failures="0" tests="3" name="com.practise.selenium.v1.exampleGroup" time="0.016" errors="0" timestamp="2024-01-17T03:49:08 IST" skipped="0">
  <testcase classname="com.practise.selenium.v1.exampleGroup" name="Test1" time="0.002"/>
  <testcase classname="com.practise.selenium.v1.exampleGroup" name="Test2" time="0.002"/>
  <testcase classname="com.practise.selenium.v1.exampleGroup" name="Test" time="0.012"/>
</testsuite> <!-- com.practise.selenium.v1.exampleGroup -->
