<?xml version="1.0" encoding="UTF-8"?>
<!-- Generated by org.testng.reporters.JUnitReportReporter -->
<testsuite hostname="LAPTOP-13JNABUU" failures="0" tests="1" name="com.practise.selenium.v1.windowHandle" time="9.878" errors="0" timestamp="2024-01-07T00:00:42 IST" skipped="0">
  <testcase classname="com.practise.selenium.v1.windowHandle" name="f" time="9.878"/>
</testsuite> <!-- com.practise.selenium.v1.windowHandle -->
