<?xml version="1.0" encoding="UTF-8"?>
<!-- Generated by org.testng.reporters.JUnitReportReporter -->
<testsuite hostname="LAPTOP-13JNABUU" failures="0" tests="2" name="com.practise.selenium.v1.exampleAnnotation" time="0.008" errors="0" timestamp="2024-01-17T02:07:22 IST" skipped="0">
  <testcase classname="com.practise.selenium.v1.exampleAnnotation" name="test5" time="0.001"/>
  <testcase classname="com.practise.selenium.v1.exampleAnnotation" name="test21" time="0.007"/>
</testsuite> <!-- com.practise.selenium.v1.exampleAnnotation -->
