<?xml version="1.0" encoding="UTF-8"?>
<!-- Generated by org.testng.reporters.JUnitReportReporter -->
<testsuite hostname="LAPTOP-13JNABUU" failures="0" tests="2" name="com.practise.selenium.v1.exampleDataProvider" time="0.020" errors="0" timestamp="2024-01-24T01:07:23 IST" skipped="0">
  <testcase classname="com.practise.selenium.v1.exampleDataProvider" name="Test" time="0.017"/>
  <testcase classname="com.practise.selenium.v1.exampleDataProvider" name="Test" time="0.003"/>
</testsuite> <!-- com.practise.selenium.v1.exampleDataProvider -->
